<?xml version="1.0" encoding="UTF-8"?>
<!-- Generated by org.testng.reporters.JUnitXMLReporter -->
<testsuite ignored="0" hostname="DESKTOP-MUPOVES" failures="2" tests="4" name="Test" time="93.415" errors="0" timestamp="2023-02-13T16:25:23 IST">
  <testcase classname="tests.LoginPageTest" name="verifyInvalidLogin" time="3.126"/>
  <testcase classname="tests.LoginPageTest" name="verifyInvalidLogin" time="1.508">
    <failure type="java.lang.AssertionError" message="Wrong ErrorMessage for Blank Username/psasword!!! expected [Required] but found [Required123]">
      <![CDATA[java.lang.AssertionError: Wrong ErrorMessage for Blank Username/psasword!!! expected [Required] but found [Required123]
at tests.LoginPageTest.verifyInvalidLogin(LoginPageTest.java:47)
at java.base/java.util.ArrayList.forEach(ArrayList.java:1511)
... Removed 32 stack frames]]>
    </failure>
  </testcase> <!-- verifyInvalidLogin -->
  <testcase classname="tests.LoginPageTest" name="verifyInvalidLogin" time="1.743">
    <failure type="java.lang.AssertionError" message="Wrong ErrorMessage for Blank Username/psasword!!! expected [Required] but found [Required123]">
      <![CDATA[java.lang.AssertionError: Wrong ErrorMessage for Blank Username/psasword!!! expected [Required] but found [Required123]
at tests.LoginPageTest.verifyInvalidLogin(LoginPageTest.java:47)
at java.base/java.util.ArrayList.forEach(ArrayList.java:1511)
... Removed 32 stack frames]]>
    </failure>
  </testcase> <!-- verifyInvalidLogin -->
  <testcase classname="tests.LoginPageTest" name="verifyLogin" time="3.689"/>
</testsuite> <!-- Test -->
